This is XeTeX, Version 3.141592653-2.6-0.999995 (MiKTeX 24.1) (preloaded format=xelatex 2024.4.22)  17 MAY 2024 07:58
entering extended mode
 restricted \write18 enabled.
 %&-line parsing enabled.
**./main.tex
(main.tex
LaTeX2e <2023-11-01> patch level 1
L3 programming layer <2024-01-04>
(setup.tex (vkr.cls
Document Class: vkr VKR class
(C:\Users\Admin\AppData\Local\Programs\MiKTeX\tex/latex/fontspec\fontspec.sty
(C:\Users\Admin\AppData\Local\Programs\MiKTeX\tex/latex/l3packages/xparse\xpars
e.sty
(C:\Users\Admin\AppData\Local\Programs\MiKTeX\tex/latex/l3kernel\expl3.sty
Package: expl3 2024-01-04 L3 programming layer (loader) 

(C:\Users\Admin\AppData\Local\Programs\MiKTeX\tex/latex/l3backend\l3backend-xet
ex.def
File: l3backend-xetex.def 2024-01-04 L3 backend support: XeTeX
\g__graphics_track_int=\count183
\l__pdf_internal_box=\box51
\g__pdf_backend_object_int=\count184
\g__pdf_backend_annotation_int=\count185
\g__pdf_backend_link_int=\count186
))
Package: xparse 2023-10-10 L3 Experimental document command parser
)
Package: fontspec 2022/01/15 v2.8a Font selection for XeLaTeX and LuaLaTeX

(C:\Users\Admin\AppData\Local\Programs\MiKTeX\tex/latex/fontspec\fontspec-xetex
.sty
Package: fontspec-xetex 2022/01/15 v2.8a Font selection for XeLaTeX and LuaLaTe
X
\l__fontspec_script_int=\count187
\l__fontspec_language_int=\count188
\l__fontspec_strnum_int=\count189
\l__fontspec_tmp_int=\count190
\l__fontspec_tmpa_int=\count191
\l__fontspec_tmpb_int=\count192
\l__fontspec_tmpc_int=\count193
\l__fontspec_em_int=\count194
\l__fontspec_emdef_int=\count195
\l__fontspec_strong_int=\count196
\l__fontspec_strongdef_int=\count197
\l__fontspec_tmpa_dim=\dimen140
\l__fontspec_tmpb_dim=\dimen141
\l__fontspec_tmpc_dim=\dimen142
 (C:\Users\Admin\AppData\Local\Programs\MiKTeX\tex/latex/base\fontenc.sty
Package: fontenc 2021/04/29 v2.0v Standard LaTeX package
)
(C:\Users\Admin\AppData\Local\Programs\MiKTeX\tex/latex/fontspec\fontspec.cfg))
)

Package fontspec Info: Font family 'TimesNewRoman(0)' created for font 'Times
(fontspec)             New Roman' with options [Ligatures=TeX].
(fontspec)              
(fontspec)              This font family consists of the following NFSS
(fontspec)             series/shapes:
(fontspec)              
(fontspec)             - 'normal' (m/n) with NFSS spec.: <->"Times New
(fontspec)             Roman/OT:script=latn;language=dflt;mapping=tex-text;"
(fontspec)             - 'small caps'  (m/sc) with NFSS spec.: <->"Times New
(fontspec)             Roman/OT:script=latn;language=dflt;+smcp;mapping=tex-tex
t;"
(fontspec)             - 'bold' (b/n) with NFSS spec.: <->"Times New
(fontspec)             Roman/B/OT:script=latn;language=dflt;mapping=tex-text;"
(fontspec)             - 'bold small caps'  (b/sc) with NFSS spec.: <->"Times
(fontspec)             New
(fontspec)             Roman/B/OT:script=latn;language=dflt;+smcp;mapping=tex-t
ext;"
(fontspec)             - 'italic' (m/it) with NFSS spec.: <->"Times New
(fontspec)             Roman/I/OT:script=latn;language=dflt;mapping=tex-text;"
(fontspec)             - 'italic small caps'  (m/scit) with NFSS spec.:
(fontspec)             <->"Times New
(fontspec)             Roman/I/OT:script=latn;language=dflt;+smcp;mapping=tex-t
ext;"
(fontspec)             - 'bold italic' (b/it) with NFSS spec.: <->"Times New
(fontspec)             Roman/BI/OT:script=latn;language=dflt;mapping=tex-text;"

(fontspec)             - 'bold italic small caps'  (b/scit) with NFSS spec.:
(fontspec)             <->"Times New
(fontspec)             Roman/BI/OT:script=latn;language=dflt;+smcp;mapping=tex-
text;"

\pagetop=\skip48
\pagebottom=\skip49
\pageleft=\skip50
\pageright=\skip51
\pwidth=\skip52
\pheight=\skip53
\saved@arstrutbox=\box52
\c@section=\count198
\c@subsection=\count199
\c@subsubsection=\count266
\c@paragraph=\count267
\c@figure=\count268
\c@figurecnt=\count269
\abovecaptionskip=\skip54
\belowcaptionskip=\skip55
\c@table=\count270
\c@tablecnt=\count271
\c@lastpage=\count272
\c@числоПлакатов=\count273
\c@bibcount=\count274
) (C:\Users\Admin\AppData\Local\Programs\MiKTeX\tex/generic/babel\babel.sty
Package: babel 2024/01/07 v24.1 The Babel package
\babel@savecnt=\count275
\U@D=\dimen143
\l@unhyphenated=\language79

(C:\Users\Admin\AppData\Local\Programs\MiKTeX\tex/generic/babel\xebabel.def)
\bbl@readstream=\read2
\bbl@dirlevel=\count276

*************************************
* Local config file bblopts.cfg used
*
(C:\Users\Admin\AppData\Local\Programs\MiKTeX\tex/latex/arabi\bblopts.cfg
File: bblopts.cfg 2005/09/08 v0.1 add Arabic and Farsi to "declared" options of
 babel
)
(C:\Users\Admin\AppData\Local\Programs\MiKTeX\tex/latex/babel-english\english.l
df
Language: english 2017/06/06 v3.3r English support from the babel system
Package babel Info: Hyphen rules for 'canadian' set to \l@english
(babel)             (\language0). Reported on input line 102.
Package babel Info: Hyphen rules for 'australian' set to \l@ukenglish
(babel)             (\language73). Reported on input line 105.
Package babel Info: Hyphen rules for 'newzealand' set to \l@ukenglish
(babel)             (\language73). Reported on input line 108.
)
(C:\Users\Admin\AppData\Local\Programs\MiKTeX\tex/latex/babel-russian\russianb.
ldf
File: russianb.ldf 2021/01/10 1.3m Russian support for the Babel system
Language: russian 2020/09/09 1.3k Russian support for the Babel system
Package babel Info: Making " an active character on input line 124.
Package babel Info: Default for \cyrdash is provided on input line 163.
))
(C:\Users\Admin\AppData\Local\Programs\MiKTeX\tex/generic/babel/locale/ru\babel
-russian.tex
Package babel Info: Importing font and identification data for russian
(babel)             from babel-ru.ini. Reported on input line 11.
)
(C:\Users\Admin\AppData\Local\Programs\MiKTeX\tex/generic/babel/locale/en\babel
-english.tex
Package babel Info: Importing font and identification data for english
(babel)             from babel-en.ini. Reported on input line 11.
)
(C:\Users\Admin\AppData\Local\Programs\MiKTeX\tex/latex/graphics\graphicx.sty
Package: graphicx 2021/09/16 v1.2d Enhanced LaTeX Graphics (DPC,SPQR)

(C:\Users\Admin\AppData\Local\Programs\MiKTeX\tex/latex/graphics\keyval.sty
Package: keyval 2022/05/29 v1.15 key=value parser (DPC)
\KV@toks@=\toks17
)
(C:\Users\Admin\AppData\Local\Programs\MiKTeX\tex/latex/graphics\graphics.sty
Package: graphics 2022/03/10 v1.4e Standard LaTeX Graphics (DPC,SPQR)

(C:\Users\Admin\AppData\Local\Programs\MiKTeX\tex/latex/graphics\trig.sty
Package: trig 2021/08/11 v1.11 sin cos tan (DPC)
)
(C:\Users\Admin\AppData\Local\Programs\MiKTeX\tex/latex/graphics-cfg\graphics.c
fg
File: graphics.cfg 2016/06/04 v1.11 sample graphics configuration
)
Package graphics Info: Driver file: xetex.def on input line 107.

(C:\Users\Admin\AppData\Local\Programs\MiKTeX\tex/latex/graphics-def\xetex.def
File: xetex.def 2022/09/22 v5.0n Graphics/color driver for xetex
))
\Gin@req@height=\dimen144
\Gin@req@width=\dimen145
)
(C:\Users\Admin\AppData\Local\Programs\MiKTeX\tex/latex/hyperref\hyperref.sty
Package: hyperref 2023-11-26 v7.01g Hypertext links for LaTeX

(C:\Users\Admin\AppData\Local\Programs\MiKTeX\tex/generic/iftex\iftex.sty
Package: iftex 2022/02/03 v1.0f TeX engine tests
)
(C:\Users\Admin\AppData\Local\Programs\MiKTeX\tex/generic/infwarerr\infwarerr.s
ty
Package: infwarerr 2019/12/03 v1.5 Providing info/warning/error messages (HO)
)
(C:\Users\Admin\AppData\Local\Programs\MiKTeX\tex/latex/kvsetkeys\kvsetkeys.sty
Package: kvsetkeys 2022-10-05 v1.19 Key value parser (HO)
)
(C:\Users\Admin\AppData\Local\Programs\MiKTeX\tex/generic/kvdefinekeys\kvdefine
keys.sty
Package: kvdefinekeys 2019-12-19 v1.6 Define keys (HO)
)
(C:\Users\Admin\AppData\Local\Programs\MiKTeX\tex/generic/pdfescape\pdfescape.s
ty
Package: pdfescape 2019/12/09 v1.15 Implements pdfTeX's escape features (HO)

(C:\Users\Admin\AppData\Local\Programs\MiKTeX\tex/generic/ltxcmds\ltxcmds.sty
Package: ltxcmds 2023-12-04 v1.26 LaTeX kernel commands for general use (HO)
)
(C:\Users\Admin\AppData\Local\Programs\MiKTeX\tex/generic/pdftexcmds\pdftexcmds
.sty
Package: pdftexcmds 2020-06-27 v0.33 Utility functions of pdfTeX for LuaTeX (HO
)
Package pdftexcmds Info: \pdf@primitive is available.
Package pdftexcmds Info: \pdf@ifprimitive is available.
Package pdftexcmds Info: \pdfdraftmode not found.
))
(C:\Users\Admin\AppData\Local\Programs\MiKTeX\tex/latex/hycolor\hycolor.sty
Package: hycolor 2020-01-27 v1.10 Color options for hyperref/bookmark (HO)
)
(C:\Users\Admin\AppData\Local\Programs\MiKTeX\tex/latex/letltxmacro\letltxmacro
.sty
Package: letltxmacro 2019/12/03 v1.6 Let assignment for LaTeX macros (HO)
)
(C:\Users\Admin\AppData\Local\Programs\MiKTeX\tex/latex/auxhook\auxhook.sty
Package: auxhook 2019-12-17 v1.6 Hooks for auxiliary files (HO)
)
(C:\Users\Admin\AppData\Local\Programs\MiKTeX\tex/latex/hyperref\nameref.sty
Package: nameref 2023-11-26 v2.56 Cross-referencing by name of section

(C:\Users\Admin\AppData\Local\Programs\MiKTeX\tex/latex/refcount\refcount.sty
Package: refcount 2019/12/15 v3.6 Data extraction from label references (HO)
)
(C:\Users\Admin\AppData\Local\Programs\MiKTeX\tex/generic/gettitlestring\gettit
lestring.sty
Package: gettitlestring 2019/12/15 v1.6 Cleanup title references (HO)

(C:\Users\Admin\AppData\Local\Programs\MiKTeX\tex/latex/kvoptions\kvoptions.sty
Package: kvoptions 2022-06-15 v3.15 Key value format for package options (HO)
))
\c@section@level=\count277
)
(C:\Users\Admin\AppData\Local\Programs\MiKTeX\tex/latex/etoolbox\etoolbox.sty
Package: etoolbox 2020/10/05 v2.5k e-TeX tools for LaTeX (JAW)
\etb@tempcnta=\count278
)
\@linkdim=\dimen146
\Hy@linkcounter=\count279
\Hy@pagecounter=\count280

(C:\Users\Admin\AppData\Local\Programs\MiKTeX\tex/latex/hyperref\pd1enc.def
File: pd1enc.def 2023-11-26 v7.01g Hyperref: PDFDocEncoding definition (HO)
)
(C:\Users\Admin\AppData\Local\Programs\MiKTeX\tex/generic/intcalc\intcalc.sty
Package: intcalc 2019/12/15 v1.3 Expandable calculations with integers (HO)
)
\Hy@SavedSpaceFactor=\count281

(C:\Users\Admin\AppData\Local\Programs\MiKTeX\tex/latex/hyperref\puenc.def
File: puenc.def 2023-11-26 v7.01g Hyperref: PDF Unicode definition (HO)
)
Package hyperref Info: Option `unicode' set `true' on input line 3167.
Package hyperref Info: Hyper figures OFF on input line 4181.
Package hyperref Info: Link nesting OFF on input line 4186.
Package hyperref Info: Hyper index ON on input line 4189.
Package hyperref Info: Plain pages OFF on input line 4196.
Package hyperref Info: Backreferencing OFF on input line 4201.
Package hyperref Info: Implicit mode ON; LaTeX internals redefined.
Package hyperref Info: Bookmarks ON on input line 4448.
\c@Hy@tempcnt=\count282

(C:\Users\Admin\AppData\Local\Programs\MiKTeX\tex/latex/url\url.sty
\Urlmuskip=\muskip16
Package: url 2013/09/16  ver 3.4  Verb mode for urls, etc.
)
LaTeX Info: Redefining \url on input line 4786.
\XeTeXLinkMargin=\dimen147

(C:\Users\Admin\AppData\Local\Programs\MiKTeX\tex/generic/bitset\bitset.sty
Package: bitset 2019/12/09 v1.3 Handle bit-vector datatype (HO)

(C:\Users\Admin\AppData\Local\Programs\MiKTeX\tex/generic/bigintcalc\bigintcalc
.sty
Package: bigintcalc 2019/12/15 v1.5 Expandable calculations on big integers (HO
)
))
\Fld@menulength=\count283
\Field@Width=\dimen148
\Fld@charsize=\dimen149
Package hyperref Info: Hyper figures OFF on input line 6065.
Package hyperref Info: Link nesting OFF on input line 6070.
Package hyperref Info: Hyper index ON on input line 6073.
Package hyperref Info: backreferencing OFF on input line 6080.
Package hyperref Info: Link coloring OFF on input line 6085.
Package hyperref Info: Link coloring with OCG OFF on input line 6090.
Package hyperref Info: PDF/A mode OFF on input line 6095.

(C:\Users\Admin\AppData\Local\Programs\MiKTeX\tex/latex/base\atbegshi-ltx.sty
Package: atbegshi-ltx 2021/01/10 v1.0c Emulation of the original atbegshi
package with kernel methods
)
\Hy@abspage=\count284
\c@Item=\count285
\c@Hfootnote=\count286
)
Package hyperref Info: Driver (autodetected): hxetex.
(C:\Users\Admin\AppData\Local\Programs\MiKTeX\tex/latex/hyperref\hxetex.def
File: hxetex.def 2023-11-26 v7.01g Hyperref driver for XeTeX

(C:\Users\Admin\AppData\Local\Programs\MiKTeX\tex/generic/stringenc\stringenc.s
ty
Package: stringenc 2019/11/29 v1.12 Convert strings between diff. encodings (HO
)
)
\pdfm@box=\box53
\c@Hy@AnnotLevel=\count287
\HyField@AnnotCount=\count288
\Fld@listcount=\count289
\c@bookmark@seq@number=\count290

(C:\Users\Admin\AppData\Local\Programs\MiKTeX\tex/latex/rerunfilecheck\rerunfil
echeck.sty
Package: rerunfilecheck 2022-07-10 v1.10 Rerun checks for auxiliary files (HO)

(C:\Users\Admin\AppData\Local\Programs\MiKTeX\tex/latex/base\atveryend-ltx.sty
Package: atveryend-ltx 2020/08/19 v1.0a Emulation of the original atveryend pac
kage
with kernel methods
)
(C:\Users\Admin\AppData\Local\Programs\MiKTeX\tex/generic/uniquecounter\uniquec
ounter.sty
Package: uniquecounter 2019/12/15 v1.4 Provide unlimited unique counter (HO)
)
Package uniquecounter Info: New unique counter `rerunfilecheck' on input line 2
85.
)
\Hy@SectionHShift=\skip56
)
(C:\Users\Admin\AppData\Local\Programs\MiKTeX\tex/latex/float\float.sty
Package: float 2001/11/08 v1.3d Float enhancements (AL)
\c@float@type=\count291
\float@exts=\toks18
\float@box=\box54
\@float@everytoks=\toks19
\@floatcapt=\box55
)
(C:\Users\Admin\AppData\Local\Programs\MiKTeX\tex/latex/pdflscape\pdflscape.sty
Package: pdflscape 2022-10-27 v0.13 Display of landscape pages in PDF

(C:\Users\Admin\AppData\Local\Programs\MiKTeX\tex/latex/pdflscape\pdflscape-nom
etadata.sty
Package: pdflscape-nometadata 2022-10-28 v0.13 Display of landscape pages in PD
F (HO)

(C:\Users\Admin\AppData\Local\Programs\MiKTeX\tex/latex/graphics\lscape.sty
Package: lscape 2020/05/28 v3.02 Landscape Pages (DPC)
)
Package pdflscape Info: Auto-detected driver: dvipdfm (xetex) on input line 98.

))
(C:\Users\Admin\AppData\Local\Programs\MiKTeX\tex/latex/xltabular\xltabular.sty
Package: xltabular 2020/11/04 v0.2e `xltabular' package (hv,RN)
(C:\Users\Admin\AppData\Local\Programs\MiKTeX\tex/latex/tools\tabularx.sty
Package: tabularx 2023/07/08 v2.11c `tabularx' package (DPC)

(C:\Users\Admin\AppData\Local\Programs\MiKTeX\tex/latex/tools\array.sty
Package: array 2023/10/16 v2.5g Tabular extension package (FMi)
\col@sep=\dimen150
\ar@mcellbox=\box56
\extrarowheight=\dimen151
\NC@list=\toks20
\extratabsurround=\skip57
\backup@length=\skip58
\ar@cellbox=\box57
)
\TX@col@width=\dimen152
\TX@old@table=\dimen153
\TX@old@col=\dimen154
\TX@target=\dimen155
\TX@delta=\dimen156
\TX@cols=\count292
\TX@ftn=\toks21
)
(C:\Users\Admin\AppData\Local\Programs\MiKTeX\tex/latex/ltablex\ltablex.sty
Package: ltablex 2014/08/13 v1.1 Modified tabularx

(C:\Users\Admin\AppData\Local\Programs\MiKTeX\tex/latex/tools\longtable.sty
Package: longtable 2023-11-01 v4.19 Multi-page Table package (DPC)
\LTleft=\skip59
\LTright=\skip60
\LTpre=\skip61
\LTpost=\skip62
\LTchunksize=\count293
\LTcapwidth=\dimen157
\LT@head=\box58
\LT@firsthead=\box59
\LT@foot=\box60
\LT@lastfoot=\box61
\LT@gbox=\box62
\LT@cols=\count294
\LT@rows=\count295
\c@LT@tables=\count296
\c@LT@chunks=\count297
\LT@p@ftn=\toks22
)))
(C:\Users\Admin\AppData\Local\Programs\MiKTeX\tex/latex/makecell\makecell.sty
Package: makecell 2009/08/03 V0.1e Managing of Tab Column Heads and Cells
\rotheadsize=\dimen158
\c@nlinenum=\count298
\TeXr@lab=\toks23
)

Package array Warning: Redefining primitive column r on input line 16.

(C:\Users\Admin\AppData\Local\Programs\MiKTeX\tex/latex/caption\caption.sty
Package: caption 2023/08/05 v3.6o Customizing captions (AR)

(C:\Users\Admin\AppData\Local\Programs\MiKTeX\tex/latex/caption\caption3.sty
Package: caption3 2023/07/31 v2.4d caption3 kernel (AR)
\caption@tempdima=\dimen159
\captionmargin=\dimen160
\caption@leftmargin=\dimen161
\caption@rightmargin=\dimen162
\caption@width=\dimen163
\caption@indent=\dimen164
\caption@parindent=\dimen165
\caption@hangindent=\dimen166
Package caption Info: Unknown document class (or package),
(caption)             standard defaults will be used.
Package caption Info: \@makecaption = \long macro:#1#2->\vskip \abovecaptionski
p \sbox \@tempboxa {#1 -- #2}\ifdim \wd \@tempboxa >\hsize #1 -- #2\par \else \
global \@minipagefalse \if \instring {Таб}{#1} \hb@xt@ \hsize {\box \@tempboxa 
\hfil }\else \hb@xt@ \hsize {\hfil \box \@tempboxa \hfil }\fi \fi \vskip \below
captionskip  on input line 1175.
)

Package caption Warning: Unknown document class (or package),
(caption)                standard defaults will be used.
See the caption package documentation for explanation.

\c@caption@flags=\count299
\c@continuedfloat=\count300
Package caption Info: float package is loaded.
Package caption Info: hyperref package is loaded.
Package caption Info: longtable package is loaded.
(C:\Users\Admin\AppData\Local\Programs\MiKTeX\tex/latex/caption\ltcaption.sty
Package: ltcaption 2021/01/08 v1.4c longtable captions (AR)
)) (C:\Users\Admin\AppData\Local\Programs\MiKTeX\tex/latex/enumitem\enumitem.st
y
Package: enumitem 2019/06/20 v3.9 Customized lists
\labelindent=\skip63
\enit@outerparindent=\dimen167
\enit@toks=\toks24
\enit@inbox=\box63
\enit@count@id=\count301
\enitdp@description=\count302
) (C:\Users\Admin\AppData\Local\Programs\MiKTeX\tex/latex/graphics\color.sty
Package: color 2022/01/06 v1.3d Standard LaTeX Color (DPC)

(C:\Users\Admin\AppData\Local\Programs\MiKTeX\tex/latex/graphics-cfg\color.cfg
File: color.cfg 2016/01/02 v1.6 sample color configuration
)
Package color Info: Driver file: xetex.def on input line 149.
(C:\Users\Admin\AppData\Local\Programs\MiKTeX\tex/latex/graphics\mathcolor.ltx)
) (C:\Users\Admin\AppData\Local\Programs\MiKTeX\tex/latex/listings\listings.sty
\lst@mode=\count303
\lst@gtempboxa=\box64
\lst@token=\toks25
\lst@length=\count304
\lst@currlwidth=\dimen168
\lst@column=\count305
\lst@pos=\count306
\lst@lostspace=\dimen169
\lst@width=\dimen170
\lst@newlines=\count307
\lst@lineno=\count308
\lst@maxwidth=\dimen171
(C:\Users\Admin\AppData\Local\Programs\MiKTeX\tex/latex/listings\lstmisc.sty
File: lstmisc.sty 2023/02/27 1.9 (Carsten Heinz)
\c@lstnumber=\count309
\lst@skipnumbers=\count310
\lst@framebox=\box65
)
(C:\Users\Admin\AppData\Local\Programs\MiKTeX\tex/latex/listings\listings.cfg
File: listings.cfg 2023/02/27 1.9 listings configuration
))
Package: listings 2023/02/27 1.9 (Carsten Heinz)

Package fontspec Info: Font family 'Verdana(0)' created for font 'Verdana'
(fontspec)             with options
(fontspec)             [WordSpace={1,0,0},HyphenChar=None,PunctuationSpace=Word
Space,Scale=0.7].
(fontspec)              
(fontspec)              This font family consists of the following NFSS
(fontspec)             series/shapes:
(fontspec)              
(fontspec)             - 'normal' (m/n) with NFSS spec.:
(fontspec)             <->s*[0.7]"Verdana/OT:script=latn;language=dflt;"
(fontspec)             - 'small caps'  (m/sc) with NFSS spec.:
(fontspec)             <->s*[0.7]"Verdana/OT:script=latn;language=dflt;+smcp;"
(fontspec)             and font adjustment code:
(fontspec)             \fontdimen 2\font =1\fontdimen 2\font \fontdimen 3\font
(fontspec)             =0\fontdimen 3\font \fontdimen 4\font =0\fontdimen
(fontspec)             4\font \fontdimen 7\font =0\fontdimen 2\font
(fontspec)             \tex_hyphenchar:D \font =-1\scan_stop: 
(fontspec)             - 'bold' (b/n) with NFSS spec.:
(fontspec)             <->s*[0.7]"Verdana/B/OT:script=latn;language=dflt;"
(fontspec)             - 'bold small caps'  (b/sc) with NFSS spec.:
(fontspec)             <->s*[0.7]"Verdana/B/OT:script=latn;language=dflt;+smcp;
"
(fontspec)             and font adjustment code:
(fontspec)             \fontdimen 2\font =1\fontdimen 2\font \fontdimen 3\font
(fontspec)             =0\fontdimen 3\font \fontdimen 4\font =0\fontdimen
(fontspec)             4\font \fontdimen 7\font =0\fontdimen 2\font
(fontspec)             \tex_hyphenchar:D \font =-1\scan_stop: 
(fontspec)             - 'italic' (m/it) with NFSS spec.:
(fontspec)             <->s*[0.7]"Verdana/I/OT:script=latn;language=dflt;"
(fontspec)             - 'italic small caps'  (m/scit) with NFSS spec.:
(fontspec)             <->s*[0.7]"Verdana/I/OT:script=latn;language=dflt;+smcp;
"
(fontspec)             and font adjustment code:
(fontspec)             \fontdimen 2\font =1\fontdimen 2\font \fontdimen 3\font
(fontspec)             =0\fontdimen 3\font \fontdimen 4\font =0\fontdimen
(fontspec)             4\font \fontdimen 7\font =0\fontdimen 2\font
(fontspec)             \tex_hyphenchar:D \font =-1\scan_stop: 
(fontspec)             - 'bold italic' (b/it) with NFSS spec.:
(fontspec)             <->s*[0.7]"Verdana/BI/OT:script=latn;language=dflt;"
(fontspec)             - 'bold italic small caps'  (b/scit) with NFSS spec.:
(fontspec)             <->s*[0.7]"Verdana/BI/OT:script=latn;language=dflt;+smcp
;"
(fontspec)             and font adjustment code:
(fontspec)             \fontdimen 2\font =1\fontdimen 2\font \fontdimen 3\font
(fontspec)             =0\fontdimen 3\font \fontdimen 4\font =0\fontdimen
(fontspec)             4\font \fontdimen 7\font =0\fontdimen 2\font
(fontspec)             \tex_hyphenchar:D \font =-1\scan_stop: 

(C:\Users\Admin\AppData\Local\Programs\MiKTeX\tex/latex/listings\lstlang1.sty
File: lstlang1.sty 2023/02/27 1.9 listings language file
)
(C:\Users\Admin\AppData\Local\Programs\MiKTeX\tex/latex/listings\lstmisc.sty
File: lstmisc.sty 2023/02/27 1.9 (Carsten Heinz)
))
(main.aux

LaTeX Warning: Label `templ:image1' multiply defined.

)
\openout1 = `main.aux'.

LaTeX Font Info:    Checking defaults for OML/cmm/m/it on input line 31.
LaTeX Font Info:    ... okay on input line 31.
LaTeX Font Info:    Checking defaults for OMS/cmsy/m/n on input line 31.
LaTeX Font Info:    ... okay on input line 31.
LaTeX Font Info:    Checking defaults for OT1/cmr/m/n on input line 31.
LaTeX Font Info:    ... okay on input line 31.
LaTeX Font Info:    Checking defaults for T1/cmr/m/n on input line 31.
LaTeX Font Info:    ... okay on input line 31.
LaTeX Font Info:    Checking defaults for TS1/cmr/m/n on input line 31.
LaTeX Font Info:    Trying to load font information for TS1+cmr on input line 3
1.
 (C:\Users\Admin\AppData\Local\Programs\MiKTeX\tex/latex/base\ts1cmr.fd
File: ts1cmr.fd 2023/04/13 v2.5m Standard LaTeX font definitions
)
LaTeX Font Info:    ... okay on input line 31.
LaTeX Font Info:    Checking defaults for TU/lmr/m/n on input line 31.
LaTeX Font Info:    ... okay on input line 31.
LaTeX Font Info:    Checking defaults for OMX/cmex/m/n on input line 31.
LaTeX Font Info:    ... okay on input line 31.
LaTeX Font Info:    Checking defaults for U/cmr/m/n on input line 31.
LaTeX Font Info:    ... okay on input line 31.
LaTeX Font Info:    Checking defaults for PD1/pdf/m/n on input line 31.
LaTeX Font Info:    ... okay on input line 31.
LaTeX Font Info:    Checking defaults for PU/pdf/m/n on input line 31.
LaTeX Font Info:    ... okay on input line 31.

Package fontspec Info: Adjusting the maths setup (use [no-math] to avoid
(fontspec)             this).

\symlegacymaths=\mathgroup4
LaTeX Font Info:    Overwriting symbol font `legacymaths' in version `bold'
(Font)                  OT1/cmr/m/n --> OT1/cmr/bx/n on input line 31.
LaTeX Font Info:    Redeclaring math accent \acute on input line 31.
LaTeX Font Info:    Redeclaring math accent \grave on input line 31.
LaTeX Font Info:    Redeclaring math accent \ddot on input line 31.
LaTeX Font Info:    Redeclaring math accent \tilde on input line 31.
LaTeX Font Info:    Redeclaring math accent \bar on input line 31.
LaTeX Font Info:    Redeclaring math accent \breve on input line 31.
LaTeX Font Info:    Redeclaring math accent \check on input line 31.
LaTeX Font Info:    Redeclaring math accent \hat on input line 31.
LaTeX Font Info:    Redeclaring math accent \dot on input line 31.
LaTeX Font Info:    Redeclaring math accent \mathring on input line 31.
LaTeX Font Info:    Redeclaring math symbol \colon on input line 31.
LaTeX Font Info:    Redeclaring math symbol \Gamma on input line 31.
LaTeX Font Info:    Redeclaring math symbol \Delta on input line 31.
LaTeX Font Info:    Redeclaring math symbol \Theta on input line 31.
LaTeX Font Info:    Redeclaring math symbol \Lambda on input line 31.
LaTeX Font Info:    Redeclaring math symbol \Xi on input line 31.
LaTeX Font Info:    Redeclaring math symbol \Pi on input line 31.
LaTeX Font Info:    Redeclaring math symbol \Sigma on input line 31.
LaTeX Font Info:    Redeclaring math symbol \Upsilon on input line 31.
LaTeX Font Info:    Redeclaring math symbol \Phi on input line 31.
LaTeX Font Info:    Redeclaring math symbol \Psi on input line 31.
LaTeX Font Info:    Redeclaring math symbol \Omega on input line 31.
LaTeX Font Info:    Redeclaring math symbol \mathdollar on input line 31.
LaTeX Font Info:    Redeclaring symbol font `operators' on input line 31.
LaTeX Font Info:    Encoding `OT1' has changed to `TU' for symbol font
(Font)              `operators' in the math version `normal' on input line 31.
LaTeX Font Info:    Overwriting symbol font `operators' in version `normal'
(Font)                  OT1/cmr/m/n --> TU/TimesNewRoman(0)/m/n on input line 3
1.
LaTeX Font Info:    Encoding `OT1' has changed to `TU' for symbol font
(Font)              `operators' in the math version `bold' on input line 31.
LaTeX Font Info:    Overwriting symbol font `operators' in version `bold'
(Font)                  OT1/cmr/bx/n --> TU/TimesNewRoman(0)/m/n on input line 
31.
LaTeX Font Info:    Overwriting symbol font `operators' in version `normal'
(Font)                  TU/TimesNewRoman(0)/m/n --> TU/TimesNewRoman(0)/m/n on 
input line 31.
LaTeX Font Info:    Overwriting math alphabet `\mathit' in version `normal'
(Font)                  OT1/cmr/m/it --> TU/TimesNewRoman(0)/m/it on input line
 31.
LaTeX Font Info:    Overwriting math alphabet `\mathbf' in version `normal'
(Font)                  OT1/cmr/bx/n --> TU/TimesNewRoman(0)/b/n on input line 
31.
LaTeX Font Info:    Overwriting math alphabet `\mathsf' in version `normal'
(Font)                  OT1/cmss/m/n --> TU/lmss/m/n on input line 31.
LaTeX Font Info:    Overwriting math alphabet `\mathtt' in version `normal'
(Font)                  OT1/cmtt/m/n --> TU/Verdana(0)/m/n on input line 31.
LaTeX Font Info:    Overwriting symbol font `operators' in version `bold'
(Font)                  TU/TimesNewRoman(0)/m/n --> TU/TimesNewRoman(0)/b/n on 
input line 31.
LaTeX Font Info:    Overwriting math alphabet `\mathit' in version `bold'
(Font)                  OT1/cmr/bx/it --> TU/TimesNewRoman(0)/b/it on input lin
e 31.
LaTeX Font Info:    Overwriting math alphabet `\mathsf' in version `bold'
(Font)                  OT1/cmss/bx/n --> TU/lmss/b/n on input line 31.
LaTeX Font Info:    Overwriting math alphabet `\mathtt' in version `bold'
(Font)                  OT1/cmtt/m/n --> TU/Verdana(0)/b/n on input line 31.
LaTeX Info: Redefining \th on input line 31.
Package hyperref Info: Link coloring OFF on input line 31.

(main.out) (main.out)
\@outlinefile=\write3
\openout3 = `main.out'.

Package caption Info: Begin \AtBeginDocument code.
Package caption Info: listings package is loaded.
Package caption Info: End \AtBeginDocument code.
\c@lstlisting=\count311
LaTeX Font Info:    External font `cmex10' loaded for size
(Font)              <14.4> on input line 33.
LaTeX Font Info:    External font `cmex10' loaded for size
(Font)              <7> on input line 33.
 [1] (main.toc [2] [3])
\tf@toc=\write4
\openout4 = `main.toc'.

 (main.lpc)
\tf@lpc=\write5
\openout5 = `main.lpc'.

 (Анализ.tex [4]
Underfull \hbox (badness 3439) in paragraph at lines 2--2
[]\TU/TimesNewRoman(0)/b/n/14.4 1.1 Общественный транспорт и его значимость в г
ородской
 []

[5] [6] [7] [8] [9]
Underfull \hbox (badness 6792) in paragraph at lines 84--84
[]\TU/TimesNewRoman(0)/b/n/14.4 1.5 Основные преимущества и недостатки метро ка
к вида
 []

[10] [11]
Underfull \hbox (badness 2961) in paragraph at lines 111--111
[]\TU/TimesNewRoman(0)/b/n/14.4 1.6 Основные преимущества и недостатки поездов 
как вида
 []

[12] [13] [14]
Underfull \hbox (badness 7558) in paragraph at lines 157--157
[]\TU/TimesNewRoman(0)/b/n/14.4 1.8 Основные преимущества и недостатки такси ка
к вида
 []

[15]) (ТехЗадание.tex [16] [17]
File: images/Регистрация.png Graphic file (type bmp)
<images/Регистрация.png>
 [18]
File: images/Авторизация.png Graphic file (type bmp)
<images/Авторизация.png>
File: images/Новостная лента.png Graphic file (type bmp)
<images/Новостная лента.png>
 [19]
File: images/Форма обращения.png Graphic file (type bmp)
<images/Форма обращения.png>
 [20]
File: images/Диаграмма прецедентов.png Graphic file (type bmp)
<images/Диаграмма прецедентов.png>
 [21] [22] [23] [24])
(ТехПроект.tex [25] [26] [27]
File: images/Архитектура программной системы.png Graphic file (type bmp)
<images/Архитектура программной системы.png>

Underfull \hbox (badness 10000) in paragraph at lines 62--62
[]|\TU/TimesNewRoman(0)/m/n/14.4 Входные пара-
 []


Underfull \hbox (badness 2096) in paragraph at lines 62--62
[]|\TU/TimesNewRoman(0)/m/n/14.4 Выходные пара-
 []


Underfull \hbox (badness 10000) in paragraph at lines 62--62
[]|\TU/TimesNewRoman(0)/m/n/14.4 Входные пара-
 []


Underfull \hbox (badness 2096) in paragraph at lines 62--62
[]|\TU/TimesNewRoman(0)/m/n/14.4 Выходные пара-
 []


Underfull \hbox (badness 10000) in paragraph at lines 62--62
[]|\TU/TimesNewRoman(0)/m/n/14.4 GET /api/News
 []


Underfull \hbox (badness 10000) in paragraph at lines 62--62
\TU/TimesNewRoman(0)/m/n/14.4 Generator
 []


Underfull \hbox (badness 6792) in paragraph at lines 62--62
[]|\TU/TimesNewRoman(0)/m/n/14.4 Получение всех
 []


Underfull \hbox (badness 3108) in paragraph at lines 62--62
\TU/TimesNewRoman(0)/m/n/14.4 записей из таб-
 []


Underfull \hbox (badness 10000) in paragraph at lines 62--62
[]|\TU/TimesNewRoman(0)/m/n/14.4 Ratings:
 []


Underfull \hbox (badness 10000) in paragraph at lines 62--62
[]|\TU/TimesNewRoman(0)/m/n/14.4 GET /api/
 []


Underfull \hbox (badness 10000) in paragraph at lines 62--62
\TU/TimesNewRoman(0)/m/n/14.4 Employee
 []


Underfull \hbox (badness 10000) in paragraph at lines 62--62
\TU/TimesNewRoman(0)/m/n/14.4 GET /api/News
 []


Underfull \hbox (badness 10000) in paragraph at lines 62--62
\TU/TimesNewRoman(0)/m/n/14.4 Generator
 []


Underfull \hbox (badness 10000) in paragraph at lines 62--62
[]|\TU/TimesNewRoman(0)/m/n/14.4 Получение кон-
 []


Underfull \hbox (badness 10000) in paragraph at lines 62--62
\TU/TimesNewRoman(0)/m/n/14.4 кретной записи
 []


Underfull \hbox (badness 10000) in paragraph at lines 62--62
[]|\TU/TimesNewRoman(0)/m/n/14.4 GET /api/News
 []


Underfull \hbox (badness 10000) in paragraph at lines 62--62
\TU/TimesNewRoman(0)/m/n/14.4 Generator
 []


Underfull \hbox (badness 10000) in paragraph at lines 62--62
\TU/TimesNewRoman(0)/m/n/14.4 Controller
 []


Underfull \hbox (badness 10000) in paragraph at lines 62--62
[]|\TU/TimesNewRoman(0)/m/n/14.4 PublishedEntry:
 []


Underfull \hbox (badness 10000) in paragraph at lines 62--62
[]|\TU/TimesNewRoman(0)/m/n/14.4 Ratings:
 []


Underfull \hbox (badness 7740) in paragraph at lines 62--62
[]|\TU/TimesNewRoman(0)/m/n/14.4 POST /api/News
 []


Underfull \hbox (badness 10000) in paragraph at lines 62--62
\TU/TimesNewRoman(0)/m/n/14.4 Generator
 []


Underfull \hbox (badness 10000) in paragraph at lines 62--62
[]|\TU/TimesNewRoman(0)/m/n/14.4 Добавление
 []


Underfull \hbox (badness 10000) in paragraph at lines 62--62
[]|\TU/TimesNewRoman(0)/m/n/14.4 PUT /api/News
 []


Underfull \hbox (badness 10000) in paragraph at lines 62--62
\TU/TimesNewRoman(0)/m/n/14.4 Generator
 []


Underfull \hbox (badness 10000) in paragraph at lines 62--62
[]|\TU/TimesNewRoman(0)/m/n/14.4 Обновление
 []


Underfull \hbox (badness 10000) in paragraph at lines 62--62
[]|\TU/TimesNewRoman(0)/m/n/14.4 DELETE
 []


Underfull \hbox (badness 10000) in paragraph at lines 62--62
\TU/TimesNewRoman(0)/m/n/14.4 /api/News
 []


Underfull \hbox (badness 10000) in paragraph at lines 62--62
\TU/TimesNewRoman(0)/m/n/14.4 Generator
 []

[28]
Underfull \hbox (badness 10000) in paragraph at lines 79--79
[]|\TU/TimesNewRoman(0)/m/n/14.4 Входные пара-
 []


Underfull \hbox (badness 2096) in paragraph at lines 79--79
[]|\TU/TimesNewRoman(0)/m/n/14.4 Выходные пара-
 []


Underfull \hbox (badness 10000) in paragraph at lines 79--79
[]|\TU/TimesNewRoman(0)/m/n/14.4 Входные пара-
 []


Underfull \hbox (badness 2096) in paragraph at lines 79--79
[]|\TU/TimesNewRoman(0)/m/n/14.4 Выходные пара-
 []


Underfull \hbox (badness 10000) in paragraph at lines 79--79
[]|\TU/TimesNewRoman(0)/m/n/14.4 POST /api/
 []


Underfull \hbox (badness 10000) in paragraph at lines 79--79
\TU/TimesNewRoman(0)/m/n/14.4 Autorisation
 []


Underfull \hbox (badness 10000) in paragraph at lines 79--79
\TU/TimesNewRoman(0)/m/n/14.4 Controller/
 []


Underfull \hbox (badness 2486) in paragraph at lines 79--79
[]|\TU/TimesNewRoman(0)/m/n/14.4 Регистрация но-
 []


Underfull \hbox (badness 10000) in paragraph at lines 79--79
[]|\TU/TimesNewRoman(0)/m/n/14.4 POST /api/
 []


Underfull \hbox (badness 10000) in paragraph at lines 79--79
\TU/TimesNewRoman(0)/m/n/14.4 Autorisation
 []


Underfull \hbox (badness 10000) in paragraph at lines 79--79
[]|\TU/TimesNewRoman(0)/m/n/14.4 Авторизация
 []


Underfull \hbox (badness 10000) in paragraph at lines 79--79
[]|\TU/TimesNewRoman(0)/m/n/14.4 Login: string,
 []


Underfull \hbox (badness 10000) in paragraph at lines 79--79
[]|\TU/TimesNewRoman(0)/m/n/14.4 UserId: integer,
 []


Overfull \hbox (3.11827pt too wide) in paragraph at lines 79--79
\TU/TimesNewRoman(0)/m/n/14.4 RoleInTheSystem:
 []

[29]
Underfull \hbox (badness 10000) in paragraph at lines 103--103
[]|\TU/TimesNewRoman(0)/m/n/14.4 Входные пара-
 []


Underfull \hbox (badness 2096) in paragraph at lines 103--103
[]|\TU/TimesNewRoman(0)/m/n/14.4 Выходные пара-
 []


Underfull \hbox (badness 10000) in paragraph at lines 103--103
[]|\TU/TimesNewRoman(0)/m/n/14.4 Входные пара-
 []


Underfull \hbox (badness 2096) in paragraph at lines 103--103
[]|\TU/TimesNewRoman(0)/m/n/14.4 Выходные пара-
 []


Underfull \hbox (badness 10000) in paragraph at lines 103--103
[]|\TU/TimesNewRoman(0)/m/n/14.4 POST /api/
 []


Underfull \hbox (badness 10000) in paragraph at lines 103--103
\TU/TimesNewRoman(0)/m/n/14.4 UrbanRoute
 []


Underfull \hbox (badness 10000) in paragraph at lines 103--103
[]|\TU/TimesNewRoman(0)/m/n/14.4 Добавление но-
 []


Underfull \hbox (badness 10000) in paragraph at lines 103--103
[]|\TU/TimesNewRoman(0)/m/n/14.4 UrbanRoute:
 []


Underfull \hbox (badness 10000) in paragraph at lines 103--103
[]|\TU/TimesNewRoman(0)/m/n/14.4 GET /api/
 []


Underfull \hbox (badness 10000) in paragraph at lines 103--103
\TU/TimesNewRoman(0)/m/n/14.4 UrbanRoute
 []


Underfull \hbox (badness 1635) in paragraph at lines 103--103
[]|\TU/TimesNewRoman(0)/m/n/14.4 Получение нуж-
 []


Underfull \hbox (badness 10000) in paragraph at lines 103--103
[]|\TU/TimesNewRoman(0)/m/n/14.4 UrbanRoute:
 []


Underfull \hbox (badness 10000) in paragraph at lines 103--103
[]|\TU/TimesNewRoman(0)/m/n/14.4 GET /api/
 []


Underfull \hbox (badness 10000) in paragraph at lines 103--103
\TU/TimesNewRoman(0)/m/n/14.4 UrbanRoute
 []


Underfull \hbox (badness 6792) in paragraph at lines 103--103
[]|\TU/TimesNewRoman(0)/m/n/14.4 Получение всех
 []


Underfull \hbox (badness 10000) in paragraph at lines 103--103
[]|\TU/TimesNewRoman(0)/m/n/14.4 UrbanRoutes:
 []


Underfull \hbox (badness 10000) in paragraph at lines 103--103
[]|\TU/TimesNewRoman(0)/m/n/14.4 PUT /api/
 []


Underfull \hbox (badness 10000) in paragraph at lines 103--103
\TU/TimesNewRoman(0)/m/n/14.4 UrbanRoute
 []


Underfull \hbox (badness 10000) in paragraph at lines 103--103
[]|\TU/TimesNewRoman(0)/m/n/14.4 RouteId: integer,
 []


Underfull \hbox (badness 10000) in paragraph at lines 103--103
\TU/TimesNewRoman(0)/m/n/14.4 UrbanRouteUp:
 []


Underfull \hbox (badness 10000) in paragraph at lines 103--103
[]|\TU/TimesNewRoman(0)/m/n/14.4 UrbanRoute:
 []


Underfull \hbox (badness 10000) in paragraph at lines 103--103
[]|\TU/TimesNewRoman(0)/m/n/14.4 DELETE /api/
 []


Underfull \hbox (badness 10000) in paragraph at lines 103--103
\TU/TimesNewRoman(0)/m/n/14.4 UrbanRoute
 []


Underfull \hbox (badness 2653) in paragraph at lines 103--103
[]|\TU/TimesNewRoman(0)/m/n/14.4 Удаление марш-
 []


Underfull \hbox (badness 10000) in paragraph at lines 119--119
[]|\TU/TimesNewRoman(0)/m/n/14.4 Входные пара-
 []


Underfull \hbox (badness 2096) in paragraph at lines 119--119
[]|\TU/TimesNewRoman(0)/m/n/14.4 Выходные пара-
 []


Underfull \hbox (badness 10000) in paragraph at lines 119--119
[]|\TU/TimesNewRoman(0)/m/n/14.4 Входные пара-
 []


Underfull \hbox (badness 2096) in paragraph at lines 119--119
[]|\TU/TimesNewRoman(0)/m/n/14.4 Выходные пара-
 []


Underfull \hbox (badness 10000) in paragraph at lines 119--119
[]|\TU/TimesNewRoman(0)/m/n/14.4 GET /api/Driver
 []


Underfull \hbox (badness 8170) in paragraph at lines 119--119
[]|\TU/TimesNewRoman(0)/m/n/14.4 Получение дан-
 []


Underfull \hbox (badness 10000) in paragraph at lines 119--119
[]|\TU/TimesNewRoman(0)/m/n/14.4 PUT /api/Driver
 []


Underfull \hbox (badness 10000) in paragraph at lines 119--119
[]|\TU/TimesNewRoman(0)/m/n/14.4 UserId: integer,
 []


Underfull \hbox (badness 10000) in paragraph at lines 119--119
[]|\TU/TimesNewRoman(0)/m/n/14.4 DELETE
 []


Underfull \hbox (badness 10000) in paragraph at lines 119--119
\TU/TimesNewRoman(0)/m/n/14.4 /api/Driver
 []


Underfull \hbox (badness 10000) in paragraph at lines 119--119
[]|\TU/TimesNewRoman(0)/m/n/14.4 Удаление дан-
 []

[30]
Underfull \hbox (badness 10000) in paragraph at lines 133--133
[]|\TU/TimesNewRoman(0)/m/n/14.4 Входные пара-
 []


Underfull \hbox (badness 2096) in paragraph at lines 133--133
[]|\TU/TimesNewRoman(0)/m/n/14.4 Выходные пара-
 []


Underfull \hbox (badness 10000) in paragraph at lines 133--133
[]|\TU/TimesNewRoman(0)/m/n/14.4 Входные пара-
 []


Underfull \hbox (badness 2096) in paragraph at lines 133--133
[]|\TU/TimesNewRoman(0)/m/n/14.4 Выходные пара-
 []


Underfull \hbox (badness 10000) in paragraph at lines 133--133
[]|\TU/TimesNewRoman(0)/m/n/14.4 GET
 []


Underfull \hbox (badness 10000) in paragraph at lines 133--133
\TU/TimesNewRoman(0)/m/n/14.4 /api/Passenger
 []


Underfull \hbox (badness 8170) in paragraph at lines 133--133
[]|\TU/TimesNewRoman(0)/m/n/14.4 Получение дан-
 []


Underfull \hbox (badness 10000) in paragraph at lines 133--133
[]|\TU/TimesNewRoman(0)/m/n/14.4 PUT
 []


Underfull \hbox (badness 10000) in paragraph at lines 133--133
\TU/TimesNewRoman(0)/m/n/14.4 /api/Passenger
 []


Underfull \hbox (badness 10000) in paragraph at lines 133--133
[]|\TU/TimesNewRoman(0)/m/n/14.4 UserId: integer,
 []


Underfull \hbox (badness 10000) in paragraph at lines 133--133
\TU/TimesNewRoman(0)/m/n/14.4 PassengerUp:
 []


Underfull \hbox (badness 10000) in paragraph at lines 133--133
[]|\TU/TimesNewRoman(0)/m/n/14.4 DELETE
 []


Underfull \hbox (badness 10000) in paragraph at lines 133--133
\TU/TimesNewRoman(0)/m/n/14.4 /api/Passenger
 []


Underfull \hbox (badness 10000) in paragraph at lines 133--133
[]|\TU/TimesNewRoman(0)/m/n/14.4 Удаление дан-
 []


Underfull \hbox (badness 10000) in paragraph at lines 150--150
[]|\TU/TimesNewRoman(0)/m/n/14.4 Входные пара-
 []


Underfull \hbox (badness 2096) in paragraph at lines 150--150
[]|\TU/TimesNewRoman(0)/m/n/14.4 Выходные пара-
 []


LaTeX Warning: Reference `prod:table34♦' on page 31 undefined on input line 150
.


Underfull \hbox (badness 10000) in paragraph at lines 150--150
[]|\TU/TimesNewRoman(0)/m/n/14.4 Входные пара-
 []


Underfull \hbox (badness 2096) in paragraph at lines 150--150
[]|\TU/TimesNewRoman(0)/m/n/14.4 Выходные пара-
 []


Underfull \hbox (badness 10000) in paragraph at lines 150--150
[]|\TU/TimesNewRoman(0)/m/n/14.4 POST /api/
 []


Underfull \hbox (badness 10000) in paragraph at lines 150--150
\TU/TimesNewRoman(0)/m/n/14.4 Employee
 []


Underfull \hbox (badness 10000) in paragraph at lines 150--150
[]|\TU/TimesNewRoman(0)/m/n/14.4 Добавление но-
 []


Underfull \hbox (badness 10000) in paragraph at lines 150--150
[]|\TU/TimesNewRoman(0)/m/n/14.4 GET /api/
 []


Underfull \hbox (badness 10000) in paragraph at lines 150--150
\TU/TimesNewRoman(0)/m/n/14.4 Employee
 []


Underfull \hbox (badness 8170) in paragraph at lines 150--150
[]|\TU/TimesNewRoman(0)/m/n/14.4 Получение дан-
 []


Underfull \hbox (badness 10000) in paragraph at lines 150--150
[]|\TU/TimesNewRoman(0)/m/n/14.4 PUT /api/
 []


Underfull \hbox (badness 10000) in paragraph at lines 150--150
\TU/TimesNewRoman(0)/m/n/14.4 Employee
 []


Underfull \hbox (badness 10000) in paragraph at lines 150--150
[]|\TU/TimesNewRoman(0)/m/n/14.4 UserId: integer,
 []


Underfull \hbox (badness 10000) in paragraph at lines 150--150
\TU/TimesNewRoman(0)/m/n/14.4 EmployeeUp:
 []


Underfull \hbox (badness 10000) in paragraph at lines 150--150
[]|\TU/TimesNewRoman(0)/m/n/14.4 DELETE /api/
 []


Underfull \hbox (badness 10000) in paragraph at lines 150--150
\TU/TimesNewRoman(0)/m/n/14.4 Employee
 []


Underfull \hbox (badness 10000) in paragraph at lines 150--150
[]|\TU/TimesNewRoman(0)/m/n/14.4 Удаление дан-
 []

[31] [32]
Underfull \hbox (badness 10000) in paragraph at lines 168--169
[]\TU/TimesNewRoman(0)/m/n/14.4 Ограниченная кроссплатформенность. Хотя в после
дние годы
 []

[33]
File: images/Схема данных.png Graphic file (type bmp)
<images/Схема данных.png>
 [34]
Underfull \hbox (badness 1014) in paragraph at lines 185--186
[]\TU/TimesNewRoman(0)/m/n/14.4 Устранение транзитивных зависимостей. Если атри
буты зависят
 []

[35] [36] [37] [38] [39] [40]
Underfull \hbox (badness 7832) in paragraph at lines 419--421
[]\TU/TimesNewRoman(0)/m/n/14.4 Микросервисы играют ключевую роль в разрабатыва
емом веб-
 []

[41]
Underfull \hbox (badness 10000) in paragraph at lines 444--445
[]\TU/TimesNewRoman(0)/m/n/14.4 Преимущества: Обеспечивает структурированное и 
оперативное
 []


Underfull \hbox (badness 1360) in paragraph at lines 444--445
\TU/TimesNewRoman(0)/m/n/14.4 управление обращениями, что способствует быстрому
 реагированию на
 []

[42]
Underfull \hbox (badness 10000) in paragraph at lines 473--473
[]|\TU/TimesNewRoman(0)/m/n/14.4 Уникальный
 []


Underfull \hbox (badness 10000) in paragraph at lines 473--473
[]|\TU/TimesNewRoman(0)/m/n/14.4 Идентификатор
 []


Underfull \hbox (badness 8113) in paragraph at lines 473--473
[]|\TU/TimesNewRoman(0)/m/n/14.4 Дата получения
 []


Underfull \hbox (badness 10000) in paragraph at lines 473--473
[]|\TU/TimesNewRoman(0)/m/n/14.4 Дата оконча-
 []


Underfull \hbox (badness 10000) in paragraph at lines 473--473
\TU/TimesNewRoman(0)/m/n/14.4 ния действия
 []


Underfull \hbox (badness 10000) in paragraph at lines 494--494
[]|\TU/TimesNewRoman(0)/m/n/14.4 Идентификатор
 []


Underfull \hbox (badness 1210) in paragraph at lines 494--494
[]|\TU/TimesNewRoman(0)/m/n/14.4 Путь к файлу с
 []


Underfull \hbox (badness 10000) in paragraph at lines 494--494
[]|\TU/TimesNewRoman(0)/m/n/14.4 DateOfIsueOfThe
 []


Overfull \hbox (5.51591pt too wide) in paragraph at lines 494--494
\TU/TimesNewRoman(0)/m/n/14.4 FirstDrivrSLicense| 
 []


Underfull \hbox (badness 10000) in paragraph at lines 494--494
[]|\TU/TimesNewRoman(0)/m/n/14.4 Электронная
 []


Underfull \hbox (badness 10000) in paragraph at lines 494--494
[]|\TU/TimesNewRoman(0)/m/n/14.4 Идентификатор
 []

[43]
Underfull \hbox (badness 10000) in paragraph at lines 511--511
[]|\TU/TimesNewRoman(0)/m/n/14.4 Уникальный
 []


Underfull \hbox (badness 10000) in paragraph at lines 511--511
[]|\TU/TimesNewRoman(0)/m/n/14.4 Идентификатор
 []

[44]
Underfull \hbox (badness 10000) in paragraph at lines 528--528
[]|\TU/TimesNewRoman(0)/m/n/14.4 Уникальный
 []


Underfull \hbox (badness 10000) in paragraph at lines 528--528
[]|\TU/TimesNewRoman(0)/m/n/14.4 Идентификатор
 []


Underfull \hbox (badness 10000) in paragraph at lines 548--548
[]|\TU/TimesNewRoman(0)/m/n/14.4 Уникальный
 []


Underfull \hbox (badness 10000) in paragraph at lines 548--548
[]|\TU/TimesNewRoman(0)/m/n/14.4 Идентификатор
 []


Underfull \hbox (badness 10000) in paragraph at lines 548--548
[]|\TU/TimesNewRoman(0)/m/n/14.4 Идентификатор
 []


Underfull \hbox (badness 10000) in paragraph at lines 548--548
[]|\TU/TimesNewRoman(0)/m/n/14.4 Идентификатор
 []


Underfull \hbox (badness 10000) in paragraph at lines 548--548
[]|\TU/TimesNewRoman(0)/m/n/14.4 ActualTimeTo
 []


Underfull \hbox (badness 10000) in paragraph at lines 548--548
[]|\TU/TimesNewRoman(0)/m/n/14.4 ActualTimeOf
 []


Underfull \hbox (badness 10000) in paragraph at lines 548--548
\TU/TimesNewRoman(0)/m/n/14.4 DepartureFrom
 []


Underfull \hbox (badness 10000) in paragraph at lines 548--548
[]|\TU/TimesNewRoman(0)/m/n/14.4 Время схода с
 []

[45]
Underfull \hbox (badness 10000) in paragraph at lines 565--565
[]|\TU/TimesNewRoman(0)/m/n/14.4 Уникальный
 []


Underfull \hbox (badness 10000) in paragraph at lines 565--565
[]|\TU/TimesNewRoman(0)/m/n/14.4 Идентификатор
 []


Underfull \hbox (badness 10000) in paragraph at lines 582--582
[]|\TU/TimesNewRoman(0)/m/n/14.4 Уникальный
 []


Underfull \hbox (badness 10000) in paragraph at lines 582--582
[]|\TU/TimesNewRoman(0)/m/n/14.4 Электронная
 []


Underfull \hbox (badness 10000) in paragraph at lines 582--582
[]|\TU/TimesNewRoman(0)/m/n/14.4 Идентификатор
 []

[46]
Underfull \hbox (badness 10000) in paragraph at lines 611--611
[]|\TU/TimesNewRoman(0)/m/n/14.4 Уникальный
 []


Underfull \hbox (badness 10000) in paragraph at lines 611--611
[]|\TU/TimesNewRoman(0)/m/n/14.4 Идентификатор
 []


Underfull \hbox (badness 10000) in paragraph at lines 611--611
[]|\TU/TimesNewRoman(0)/m/n/14.4 Идентификатор
 []


Underfull \hbox (badness 10000) in paragraph at lines 611--611
[]|\TU/TimesNewRoman(0)/m/n/14.4 Responsible
 []


Underfull \hbox (badness 10000) in paragraph at lines 611--611
[]|\TU/TimesNewRoman(0)/m/n/14.4 Идентификатор
 []


Underfull \hbox (badness 10000) in paragraph at lines 611--611
\TU/TimesNewRoman(0)/m/n/14.4 ответственного
 []


Underfull \hbox (badness 10000) in paragraph at lines 611--611
[]|\TU/TimesNewRoman(0)/m/n/14.4 Passenger
 []


Underfull \hbox (badness 2671) in paragraph at lines 611--611
[]|\TU/TimesNewRoman(0)/m/n/14.4 Обращение пас-
 []


Underfull \hbox (badness 10000) in paragraph at lines 611--611
[]|\TU/TimesNewRoman(0)/m/n/14.4 CommentOn
 []


Underfull \hbox (badness 10000) in paragraph at lines 611--611
[]|\TU/TimesNewRoman(0)/m/n/14.4 Дополнительные
 []


Underfull \hbox (badness 1210) in paragraph at lines 611--611
[]|\TU/TimesNewRoman(0)/m/n/14.4 Путь к файлу с
 []


Underfull \hbox (badness 1210) in paragraph at lines 611--611
[]|\TU/TimesNewRoman(0)/m/n/14.4 Путь к файлу с
 []


Underfull \hbox (badness 10000) in paragraph at lines 611--611
\TU/TimesNewRoman(0)/m/n/14.4 видеоматериа-
 []


Underfull \hbox (badness 10000) in paragraph at lines 611--611
[]|\TU/TimesNewRoman(0)/m/n/14.4 DateOf
 []


Underfull \hbox (badness 10000) in paragraph at lines 611--611
[]|\TU/TimesNewRoman(0)/m/n/14.4 Дата отправки
 []


Underfull \hbox (badness 10000) in paragraph at lines 611--611
\TU/TimesNewRoman(0)/m/n/14.4 ковано обраще-
 []


Overfull \hbox (3.1042pt too wide) in paragraph at lines 611--611
[]|\TU/TimesNewRoman(0)/m/n/14.4 DateOfPublication| 
 []

[47]
Underfull \hbox (badness 10000) in paragraph at lines 628--628
[]|\TU/TimesNewRoman(0)/m/n/14.4 Уникальный
 []


Underfull \hbox (badness 10000) in paragraph at lines 628--628
[]|\TU/TimesNewRoman(0)/m/n/14.4 Идентификатор
 []


Underfull \hbox (badness 10000) in paragraph at lines 628--628
[]|\TU/TimesNewRoman(0)/m/n/14.4 Идентификатор
 []


Underfull \hbox (badness 10000) in paragraph at lines 628--628
[]|\TU/TimesNewRoman(0)/m/n/14.4 Порядок следо-
 []


Underfull \hbox (badness 10000) in paragraph at lines 628--628
[]|\TU/TimesNewRoman(0)/m/n/14.4 Является ли
 []


Underfull \hbox (badness 10000) in paragraph at lines 628--628
\TU/TimesNewRoman(0)/m/n/14.4 остановка на-
 []


Underfull \hbox (badness 10000) in paragraph at lines 628--628
\TU/TimesNewRoman(0)/m/n/14.4 чальной точкой
 []


Underfull \hbox (badness 10000) in paragraph at lines 628--628
[]|\TU/TimesNewRoman(0)/m/n/14.4 Является ли
 []


Underfull \hbox (badness 10000) in paragraph at lines 628--628
\TU/TimesNewRoman(0)/m/n/14.4 остановка ко-
 []


Underfull \hbox (badness 10000) in paragraph at lines 628--628
\TU/TimesNewRoman(0)/m/n/14.4 нечной точкой
 []

[48]
Underfull \hbox (badness 10000) in paragraph at lines 646--646
[]|\TU/TimesNewRoman(0)/m/n/14.4 Уникальный
 []


Overfull \hbox (0.72765pt too wide) in paragraph at lines 646--646
[]|\TU/TimesNewRoman(0)/m/n/14.4 EmployeePosition| 
 []


Underfull \hbox (badness 10000) in paragraph at lines 646--646
[]|\TU/TimesNewRoman(0)/m/n/14.4 Занимаемая
 []


Underfull \hbox (badness 10000) in paragraph at lines 646--646
[]|\TU/TimesNewRoman(0)/m/n/14.4 Электронная
 []


Underfull \hbox (badness 10000) in paragraph at lines 646--646
[]|\TU/TimesNewRoman(0)/m/n/14.4 Идентификатор
 []

[49]
Underfull \hbox (badness 10000) in paragraph at lines 663--663
[]|\TU/TimesNewRoman(0)/m/n/14.4 Уникальный
 []


Underfull \hbox (badness 10000) in paragraph at lines 663--663
[]|\TU/TimesNewRoman(0)/m/n/14.4 Название оста-
 []


Underfull \hbox (badness 10000) in paragraph at lines 683--683
[]|\TU/TimesNewRoman(0)/m/n/14.4 Уникальный
 []


Underfull \hbox (badness 10000) in paragraph at lines 683--683
[]|\TU/TimesNewRoman(0)/m/n/14.4 Наименование
 []


Underfull \hbox (badness 10000) in paragraph at lines 683--683
[]|\TU/TimesNewRoman(0)/m/n/14.4 TimeToGet
 []


Underfull \hbox (badness 10000) in paragraph at lines 683--683
[]|\TU/TimesNewRoman(0)/m/n/14.4 Время начала
 []


Underfull \hbox (badness 10000) in paragraph at lines 683--683
\TU/TimesNewRoman(0)/m/n/14.4 обслуживания
 []


Underfull \hbox (badness 10000) in paragraph at lines 683--683
[]|\TU/TimesNewRoman(0)/m/n/14.4 TimeOfDeparture
 []


Underfull \hbox (badness 10000) in paragraph at lines 683--683
[]|\TU/TimesNewRoman(0)/m/n/14.4 Время оконча-
 []


Underfull \hbox (badness 10000) in paragraph at lines 683--683
\TU/TimesNewRoman(0)/m/n/14.4 ния обслужива-
 []


Overfull \hbox (2.29561pt too wide) in paragraph at lines 683--683
[]|\TU/TimesNewRoman(0)/m/n/14.4 MovementInterval| 
 []

[50]
Underfull \hbox (badness 5050) in paragraph at lines 687--688
[]\TU/TimesNewRoman(0)/m/n/14.4 «User» - класс, содержащий в себе данные пользо
вателей веб-
 []


Underfull \hbox (badness 10000) in paragraph at lines 701--701
[]|\TU/TimesNewRoman(0)/m/n/14.4 Уникальный
 []


Underfull \hbox (badness 1331) in paragraph at lines 701--701
[]|\TU/TimesNewRoman(0)/m/n/14.4 Логин пользова-
 []


Underfull \hbox (badness 10000) in paragraph at lines 701--701
[]|\TU/TimesNewRoman(0)/m/n/14.4 Пароль пользо-
 []


Underfull \hbox (badness 1009) in paragraph at lines 701--701
[]|\TU/TimesNewRoman(0)/m/n/14.4 Подтвержден ли
 []


Underfull \hbox (badness 10000) in paragraph at lines 701--701
\TU/TimesNewRoman(0)/m/n/14.4 аккаунт пользо-
 []


Underfull \hbox (badness 10000) in paragraph at lines 701--701
[]|\TU/TimesNewRoman(0)/m/n/14.4 ActiveUser
 []

[51]
Underfull \hbox (badness 10000) in paragraph at lines 726--726
[]|\TU/TimesNewRoman(0)/m/n/14.4 Уникальный
 []


Underfull \hbox (badness 10000) in paragraph at lines 726--726
[]|\TU/TimesNewRoman(0)/m/n/14.4 YearOf
 []


Underfull \hbox (badness 10000) in paragraph at lines 726--726
[]|\TU/TimesNewRoman(0)/m/n/14.4 Год производ-
 []


Overfull \hbox (1.74718pt too wide) in paragraph at lines 726--726
[]|\TU/TimesNewRoman(0)/m/n/14.4 Государственный
 []


Underfull \hbox (badness 10000) in paragraph at lines 726--726
\TU/TimesNewRoman(0)/m/n/14.4 регистрацион-
 []


Underfull \hbox (badness 4792) in paragraph at lines 726--726
[]|\TU/TimesNewRoman(0)/m/n/14.4 Бортовой номер
 []


Underfull \hbox (badness 10000) in paragraph at lines 726--726
[]|\TU/TimesNewRoman(0)/m/n/14.4 Мощность
 []


Underfull \hbox (badness 10000) in paragraph at lines 726--726
\TU/TimesNewRoman(0)/m/n/14.4 двигателя в
 []


Underfull \hbox (badness 10000) in paragraph at lines 726--726
\TU/TimesNewRoman(0)/m/n/14.4 лошадиных
 []


Underfull \hbox (badness 10000) in paragraph at lines 726--726
[]|\TU/TimesNewRoman(0)/m/n/14.4 PurposeOfThe
 []


Overfull \hbox (3.89873pt too wide) in paragraph at lines 726--726
[]|\TU/TimesNewRoman(0)/m/n/14.4 PassengerCapacity| 
 []


Underfull \hbox (badness 10000) in paragraph at lines 726--726
[]|\TU/TimesNewRoman(0)/m/n/14.4 Вместимость
 []


Underfull \hbox (badness 1210) in paragraph at lines 726--726
[]|\TU/TimesNewRoman(0)/m/n/14.4 Путь к файлу с
 []

[52]
Underfull \hbox (badness 10000) in paragraph at lines 751--751
[]|\TU/TimesNewRoman(0)/m/n/14.4 Уникальный
 []


Underfull \hbox (badness 10000) in paragraph at lines 751--751
[]|\TU/TimesNewRoman(0)/m/n/14.4 Employee
 []


Underfull \hbox (badness 10000) in paragraph at lines 751--751
[]|\TU/TimesNewRoman(0)/m/n/14.4 Занимаемая
 []


Underfull \hbox (badness 10000) in paragraph at lines 751--751
[]|\TU/TimesNewRoman(0)/m/n/14.4 Электронная
 []


Underfull \hbox (badness 1331) in paragraph at lines 751--751
[]|\TU/TimesNewRoman(0)/m/n/14.4 Логин пользова-
 []


Underfull \hbox (badness 10000) in paragraph at lines 751--751
[]|\TU/TimesNewRoman(0)/m/n/14.4 Пароль пользо-
 []


Underfull \hbox (badness 10000) in paragraph at lines 751--751
[]|\TU/TimesNewRoman(0)/m/n/14.4 RoleIn
 []


Underfull \hbox (badness 1009) in paragraph at lines 751--751
[]|\TU/TimesNewRoman(0)/m/n/14.4 Подтвержден ли
 []


Underfull \hbox (badness 10000) in paragraph at lines 751--751
\TU/TimesNewRoman(0)/m/n/14.4 аккаунт пользо-
 []


Underfull \hbox (badness 10000) in paragraph at lines 751--751
[]|\TU/TimesNewRoman(0)/m/n/14.4 ActiveUser
 []

[53]
Underfull \hbox (badness 10000) in paragraph at lines 774--774
[]|\TU/TimesNewRoman(0)/m/n/14.4 Идентификатор
 []


Underfull \hbox (badness 1210) in paragraph at lines 774--774
[]|\TU/TimesNewRoman(0)/m/n/14.4 Путь к файлу с
 []


Underfull \hbox (badness 10000) in paragraph at lines 774--774
[]|\TU/TimesNewRoman(0)/m/n/14.4 Электронная
 []


Underfull \hbox (badness 1331) in paragraph at lines 774--774
[]|\TU/TimesNewRoman(0)/m/n/14.4 Логин пользова-
 []


Underfull \hbox (badness 10000) in paragraph at lines 774--774
[]|\TU/TimesNewRoman(0)/m/n/14.4 Пароль пользо-
 []


Underfull \hbox (badness 10000) in paragraph at lines 774--774
[]|\TU/TimesNewRoman(0)/m/n/14.4 RoleIn
 []


Underfull \hbox (badness 1009) in paragraph at lines 774--774
[]|\TU/TimesNewRoman(0)/m/n/14.4 Подтвержден ли
 []


Underfull \hbox (badness 10000) in paragraph at lines 774--774
\TU/TimesNewRoman(0)/m/n/14.4 аккаунт пользо-
 []


Underfull \hbox (badness 10000) in paragraph at lines 774--774
[]|\TU/TimesNewRoman(0)/m/n/14.4 ActiveUser
 []

[54]
Underfull \hbox (badness 10000) in paragraph at lines 797--797
[]|\TU/TimesNewRoman(0)/m/n/14.4 Уникальный
 []


Underfull \hbox (badness 10000) in paragraph at lines 797--797
[]|\TU/TimesNewRoman(0)/m/n/14.4 Электронная
 []


Underfull \hbox (badness 1331) in paragraph at lines 797--797
[]|\TU/TimesNewRoman(0)/m/n/14.4 Логин пользова-
 []


Underfull \hbox (badness 10000) in paragraph at lines 797--797
[]|\TU/TimesNewRoman(0)/m/n/14.4 Пароль пользо-
 []


Underfull \hbox (badness 10000) in paragraph at lines 797--797
[]|\TU/TimesNewRoman(0)/m/n/14.4 RoleIn
 []


Underfull \hbox (badness 1009) in paragraph at lines 797--797
[]|\TU/TimesNewRoman(0)/m/n/14.4 Подтвержден ли
 []


Underfull \hbox (badness 10000) in paragraph at lines 797--797
\TU/TimesNewRoman(0)/m/n/14.4 аккаунт пользо-
 []


Underfull \hbox (badness 10000) in paragraph at lines 797--797
[]|\TU/TimesNewRoman(0)/m/n/14.4 ActiveUser
 []

[55]
Underfull \hbox (badness 10000) in paragraph at lines 804--804
[]\TU/TimesNewRoman(0)/b/n/14.4 3.3.1 Описание используемых технологий и языков

 []

[56]
Underfull \hbox (badness 2334) in paragraph at lines 816--817
[]\TU/TimesNewRoman(0)/m/n/14.4 Наконец, JavaScript обладает обширной экосистем
ой библиотек и
 []


Underfull \hbox (badness 2035) in paragraph at lines 828--829
[]\TU/TimesNewRoman(0)/m/n/14.4 Во-первых, HTML является основным строительным 
блоком веб-
 []

[57] [58]) (СписокИсточников.tex [59] [60]) [61] (main.aux)
 ***********
LaTeX2e <2023-11-01> patch level 1
L3 programming layer <2024-01-04>
 ***********


LaTeX Warning: There were undefined references.


LaTeX Warning: There were multiply-defined labels.

Package rerunfilecheck Info: File `main.out' has not changed.
(rerunfilecheck)             Checksum: 93A0EB695DA61A02AC1CF6D04DC64E9E;18443.
 ) 
Here is how much of TeX's memory you used:
 15704 strings out of 409616
 303610 string characters out of 5773992
 1961191 words of memory out of 5000000
 37594 multiletter control sequences out of 15000+600000
 559574 words of font info for 69 fonts, out of 8000000 for 9000
 1348 hyphenation exceptions out of 8191
 99i,16n,110p,844b,543s stack positions out of 10000i,1000n,20000p,200000b,200000s

Output written on main.pdf (61 pages).
